[backblue.gif]
[fade.gif]
[index.html]
[www.zygorguides.com/favicon.ico]
[feeds.feedburner.com/zygorguideshtml.html]
[www.zygorguides.com/js/flashembed.js]
[www.zygorguides.com/js/dropdown.js]
[www.wowhead.com/widgets/power.6.delayed]
[static.wowhead.com/widgets/power.js]
[www.zygorguides.com/img/Orc_Peon_Face_Coin.jpg]
[www.zygorguides.com/img/Auctioneer1.png]
[wow.curse.com/downloads/wow-addons/details/sell-o-matic.html]
[www.zygorguides.com/img/Auctioneer2.png]
[www.zygorguides.com/img/auct3.png]
[www.zygorguides.com/img/auct1.png]
[www.zygorguides.com/img/auct2.png]
[www.zygorguides.com/freebies/appraiser.html]
[www.zygorguides.com/css/peach.css]
[www.zygorguides.com/index.html]
[www.zygorguides.com/news/index.html]
[www.zygorguides.com/about/index.html]
[www.zygorguides.com/guides/index.html]
[www.zygorguides.com/freetrial/index.html]
[www.zygorguides.com/amember/member.html]
[www.zygorguides.com/forum/index.html]
[www.zygorguides.com/faq/index.html]
[www.zygorguides.com/contact/index.html]
[wow.curse.com/downloads/wow-addons/details/sell-o-matic.html]
[auctioneeraddon.com/index.html]
[auctioneeraddon.com/dl/index.html]
