[backblue.gif]
[fade.gif]
[index.html]
[www.zygorguides.com/favicon.ico]
[feeds.feedburner.com/zygorguideshtml.html]
[www.wowhead.com/widgets/power.6.delayed]
[www.zygorguides.com/members/inscriptiona465.html]
[www.zygorguides.com/favicon.ico]
[www.zygorguides.com/css/peach.css]
[www.zygorguides.com/js/flashembed.js]
[www.zygorguides.com/js/dropdown.js]
[static.wowhead.com/widgets/power.js]
[www.zygorguides.com/index.html]
[www.zygorguides.com/news/index.html]
[www.zygorguides.com/about/index.html]
[www.zygorguides.com/guides/index.html]
[www.zygorguides.com/members/index.html]
[www.zygorguides.com/amember/member.html]
[www.zygorguides.com/forum/index.html]
[www.zygorguides.com/faq/index.html]
[www.zygorguides.com/contact/index.html]
[www.zygorguides.com/img/lexicon.png]
[www.zygorguides.com/img/glyph-sheet.png]
[www.wowhead.com/index687e.html]
[www.wowhead.com/index687e.html]
[www.wowhead.com/index15b6.html]
[www.wowhead.com/index15b6.html]
[www.wowhead.com/index9d93.html]
[www.wowhead.com/index9d93.html]
