[backblue.gif]
[fade.gif]
[index.html]
[www.zygorguides.com/favicon.ico]
[feeds.feedburner.com/zygorguideshtml.html]
[www.zygorguides.com/members/dkplayers.html]
[www.zygorguides.com/favicon.ico]
[www.zygorguides.com/css/peach.css]
[www.zygorguides.com/js/flashembed.js]
[www.zygorguides.com/js/dropdown.js]
[www.zygorguides.com/index.html]
[www.zygorguides.com/news/index.html]
[www.zygorguides.com/about/index.html]
[www.zygorguides.com/guides/index.html]
[www.zygorguides.com/members/index.html]
[www.zygorguides.com/amember/member.html]
[www.zygorguides.com/forum/index.html]
[www.zygorguides.com/faq/index.html]
[www.zygorguides.com/contact/index.html]
[www.zygorguides.com/img/deathknight.jpg]
[www.zygorguides.com/img/finisher.png]
[www.zygorguides.com/img/frost.png]
[www.zygorguides.com/img/unholy.png]
[www.zygorguides.com/img/blood.png]
[www.zygorguides.com/img/deathknightbuild.png]
[www.zygorguides.com/img/deathknightglyphs.png]
